2022-12-19 10:14:09|   0.0|  0.0|INFORM|Current FME version: FME 2022.1.2.0 (20220831 - Build 22627 - WIN64)
2022-12-19 10:14:09|   0.0|  0.0|INFORM|FME_HOME is 'C:\Program Files\FME\'
2022-12-19 10:14:09|   0.0|  0.0|INFORM|FME Student Edition (node locked-crc)
2022-12-19 10:14:09|   0.0|  0.0|INFORM|Serial Number: 2OP7SC3KRBFWGVUQEKKE
2022-12-19 10:14:09|   0.0|  0.0|INFORM|Temporary License: 50 days left.
2022-12-19 10:14:09|   0.0|  0.0|INFORM|Machine host name is: LAPTOP-IOSUJ0RE
2022-12-19 10:14:09|   0.0|  0.0|INFORM|OS Locale Name     : pl_PL
2022-12-19 10:14:09|   0.0|  0.0|INFORM|OS Locale Encoding : windows-1250
2022-12-19 10:14:09|   0.0|  0.0|INFORM|Process Encoding   : UTF-8
2022-12-19 10:14:09|   0.0|  0.0|INFORM|FME API version: '4.0 20220615'
2022-12-19 10:14:09|   0.0|  0.0|INFORM|FME Configuration: FME_BASE is 'no'
2022-12-19 10:14:09|   0.0|  0.0|INFORM|FME Configuration: FME_MF_DIR is 'C:\bazy_danych_2/'
2022-12-19 10:14:09|   0.0|  0.0|INFORM|FME Configuration: FME_MF_NAME is 'fme.fmw'
2022-12-19 10:14:09|   0.0|  0.0|INFORM|FME Configuration: FME_PRODUCT_NAME is 'FME(R) 2022.1.2.0'
2022-12-19 10:14:09|   0.0|  0.0|INFORM|Operating System: Microsoft Windows 10 64-bit  (Build 19044)
2022-12-19 10:14:09|   0.0|  0.0|INFORM|FME Platform: WIN64
2022-12-19 10:14:09|   0.0|  0.0|INFORM|System Status: 46.95 GB of disk space available in the FME temporary folder (C:\Users\micha\AppData\Local\Temp\wbrun_1671438955446_17052\fmetmp_1)
2022-12-19 10:14:09|   0.0|  0.0|INFORM|System Status: 7.37 GB of physical memory available
2022-12-19 10:14:09|   0.0|  0.0|INFORM|System Status: 29.49 GB of virtual memory available
2022-12-19 10:14:09|   0.0|  0.0|INFORM|START - ProcessID: 3208, peak process memory usage: 69484 kB, current process memory usage: 69484 kB
2022-12-19 10:14:09|   0.0|  0.0|INFORM|FME Configuration: Command line arguments are `C:\Program Files\FME\fme.exe' `C:/bazy_danych_2\wb-xlate-1671441245378_17052' `LOG_STANDARDOUT' `YES' `LOG_TIMINGS' `YES' `LogCountServerName' `65030' `LOG_STANDARDOUT' `No' `WORKBENCH_LOG_SERVER' `65004'
2022-12-19 10:14:09|   0.0|  0.0|INFORM|FME Configuration: Connection Storage: 'C:\Users\micha\AppData\Roaming\Safe Software\FME\'
2022-12-19 10:14:09|   0.0|  0.0|INFORM|Shared folders for formats are : C:\Program Files\FME\datasources;C:\Users\micha\Documents\FME\Formats
2022-12-19 10:14:09|   0.0|  0.0|INFORM|Shared folders for transformers are : C:\Users\micha\AppData\Roaming\Safe Software\FME\Packages\22627-win64\transformers;C:\Program Files\FME\transformers
2022-12-19 10:14:09|   0.0|  0.0|INFORM|Shared folders for coordinate systems are : C:\Users\micha\Documents\FME\CoordinateSystems
2022-12-19 10:14:09|   0.0|  0.0|INFORM|Shared folders for coordinate system exceptions are : C:\Users\micha\Documents\FME\CoordinateSystemExceptions
2022-12-19 10:14:09|   0.0|  0.0|INFORM|Shared folders for coordinate system grid overrides are : C:\Users\micha\Documents\FME\CoordinateSystemGridOverrides
2022-12-19 10:14:09|   0.0|  0.0|INFORM|Shared folders for CS-MAP transformation exceptions are : C:\Users\micha\Documents\FME\CsmapTransformationExceptions
2022-12-19 10:14:09|   0.0|  0.0|INFORM|Shared folders for transformer categories are : C:\Users\micha\Documents\FME\TransformerCategories
2022-12-19 10:14:09|   0.0|  0.0|INFORM|FME Configuration: Reader Keyword is `MULTI_READER'
2022-12-19 10:14:09|   0.0|  0.0|INFORM|FME Configuration: Writer Keyword is `MULTI_WRITER'
2022-12-19 10:14:09|   0.0|  0.0|INFORM|FME Configuration: Writer Group Definition Keyword is `MULTI_WRITER_DEF'
2022-12-19 10:14:09|   0.0|  0.0|INFORM|FME Configuration: Reader type is `MULTI_READER'
2022-12-19 10:14:09|   0.0|  0.0|INFORM|FME Configuration: Writer type is `MULTI_WRITER'
2022-12-19 10:14:09|   0.0|  0.0|INFORM|FME Configuration: No destination coordinate system set
2022-12-19 10:14:09|   0.0|  0.0|INFORM|FME Configuration: Current working folder is `C:\bazy_danych_2'
2022-12-19 10:14:09|   0.0|  0.0|INFORM|FME Configuration: Temporary folder is `C:\Users\micha\AppData\Local\Temp\wbrun_1671438955446_17052\fmetmp_1', set from environment variable `FME_TEMP'
2022-12-19 10:14:09|   0.0|  0.0|INFORM|FME Configuration: Cache folder is 'C:\Users\micha\AppData\Local\Temp'
2022-12-19 10:14:09|   0.0|  0.0|INFORM|FME Configuration: FME_HOME is `C:\Program Files\FME\'
2022-12-19 10:14:09|   0.0|  0.0|INFORM|FME Configuration: Start freeing memory when the process exceeds 22.12 GB
2022-12-19 10:14:09|   0.0|  0.0|INFORM|FME Configuration: Stop freeing memory when the process is below 16.59 GB
2022-12-19 10:14:09|   0.1|  0.1|INFORM|Creating writer for format: 
2022-12-19 10:14:09|   0.1|  0.0|INFORM|Creating reader for format: 
2022-12-19 10:14:09|   0.1|  0.0|INFORM|MULTI_READER(MULTI_READER): Will fail with first member reader failure
2022-12-19 10:14:09|   0.1|  0.0|INFORM|Using Multi Reader with keyword `MULTI_READER' to read multiple datasets
2022-12-19 10:14:09|   0.1|  0.0|INFORM|Using MultiWriter with keyword `MULTI_WRITER' to output data (ID_ATTRIBUTE is `multi_writer_id')
2022-12-19 10:14:09|   0.1|  0.0|INFORM|Writer output will be ordered by value of multi_writer_id
2022-12-19 10:14:09|   0.1|  0.0|INFORM|Loaded module 'LogCount_func' from file 'C:\Program Files\FME\plugins/LogCount_func.dll'
2022-12-19 10:14:09|   0.1|  0.0|INFORM|FME API version of module 'LogCount_func' matches current internal version (4.0 20220615)
2022-12-19 10:14:09|   0.1|  0.0|INFORM|Loaded module 'InspectorFactory' from file 'C:\Program Files\FME\plugins/InspectorFactory.dll'
2022-12-19 10:14:09|   0.1|  0.0|INFORM|FME API version of module 'InspectorFactory' matches current internal version (4.0 20220615)
2022-12-19 10:14:09|   0.2|  0.1|INFORM|Emptying factory pipeline
2022-12-19 10:14:09|   0.2|  0.0|STATS |Router and Unexpected Input Remover (RoutingFactory): Tested 0 input feature(s), wrote 0 output feature(s): 0 matched merge filters, 0 were routed to output, 0 could not be routed.
2022-12-19 10:14:09|   0.2|  0.0|STATS |Unwanted Router Input Nuker (TeeFactory): Cloned 0 input feature(s) into 0 output feature(s)
2022-12-19 10:14:09|   0.2|  0.0|STATS |T2019_KAR_POI_TABLE_SHAPEFILE_1 Splitter (TeeFactory): Cloned 0 input feature(s) into 0 output feature(s)
2022-12-19 10:14:09|   0.2|  0.0|STATS |T2019_KAR_STREET_NODE_SHAPEFILE_1 Splitter (TeeFactory): Cloned 0 input feature(s) into 0 output feature(s)
2022-12-19 10:14:09|   0.2|  0.0|STATS |T2019_KAR_STREETS_SHAPEFILE_2 Splitter (TeeFactory): Cloned 0 input feature(s) into 0 output feature(s)
2022-12-19 10:14:09|   0.2|  0.0|STATS |CSV_CSV2_1 Splitter (TeeFactory): Cloned 0 input feature(s) into 0 output feature(s)
2022-12-19 10:14:09|   0.2|  0.0|STATS |Restoring 1 feature(s) from FME feature store file `C:\Users\micha\AppData\Local\Temp\wb-cache-fme-zFOAoX\Main_Reprojector_3 -1 11 fo 0 REPROJECTED  0  2b509c7633355222b4633be6b461ac74a649db3c.ffs'
2022-12-19 10:14:09|   0.2|  0.0|STATS |Storing feature(s) to FME feature store file `C:\Users\micha\AppData\Local\Temp\wb-inspectors-EPCXAz\inspector.ffs'
2022-12-19 10:14:09|   0.2|  0.0|INFORM|FFS writer: Writing 22070 feature(s) to file 'C:\Users\micha\AppData\Local\Temp\wb-inspectors-EPCXAz\inspector.fts'
2022-12-19 10:14:09|   0.3|  0.1|INFORM|Spatial Index: Adding 22070 features
2022-12-19 10:14:09|   0.3|  0.0|STATS |Restoring 239 feature(s) from FME feature store file `C:\Users\micha\AppData\Local\Temp\wb-cache-fme-zFOAoX\Main_FeatureMerger_2 -1 84 fo 0 MERGED  0  9610498030810e5f34d681172462a98705ad7aa6.ffs'
2022-12-19 10:14:09|   0.3|  0.0|STATS |Restoring 1 feature(s) from FME feature store file `C:\Users\micha\AppData\Local\Temp\wb-cache-fme-zFOAoX\Main_FeatureMerger_2 -1 84 fo 2 USED_SUPPLIER  0  71c119f4322821184e7ac978af15a39dc827107c.ffs'
2022-12-19 10:14:09|   0.3|  0.0|STATS |Restoring 1 feature(s) from FME feature store file `C:\Users\micha\AppData\Local\Temp\wb-cache-fme-zFOAoX\Main_Reprojector_4 -1 12 fo 0 REPROJECTED  0  84acf5c0dae4fe0c37b8aebf59329918e4c45acf.ffs'
2022-12-19 10:14:09|   0.3|  0.0|INFORM|FFS writer: Writing 66404 feature(s) to file 'C:\Users\micha\AppData\Local\Temp\wb-inspectors-EPCXAz\inspector_1.fts'
2022-12-19 10:14:09|   0.6|  0.3|INFORM|Spatial Index: Adding 66404 features
2022-12-19 10:14:09|   0.7|  0.1|STATS |Stored 242 feature(s) to FME feature store file `C:\Users\micha\AppData\Local\Temp\wb-inspectors-EPCXAz\inspector.ffs'
2022-12-19 10:14:09|   0.7|  0.0|INFORM|Saving spatial index into file 'C:\Users\micha\AppData\Local\Temp\wb-inspectors-EPCXAz\inspector.fsi'
2022-12-19 10:14:09|   0.7|  0.0|INFORM|Finished saving spatial index into file 'C:\Users\micha\AppData\Local\Temp\wb-inspectors-EPCXAz\inspector.fsi'
2022-12-19 10:14:09|   0.7|  0.0|STATS |Restoring 225 feature(s) from FME feature store file `C:\Users\micha\AppData\Local\Temp\wb-cache-fme-zFOAoX\Main_FeatureMerger -1 79 fo 0 MERGED  0  99e9dc0935c41d4c7e1b1d11215404804934acce.ffs'
2022-12-19 10:14:09|   0.7|  0.0|STATS |Restoring 239 feature(s) from FME feature store file `C:\Users\micha\AppData\Local\Temp\wb-cache-fme-zFOAoX\Main_FeatureMerger_2 -1 84 fo 0 MERGED  0  9610498030810e5f34d681172462a98705ad7aa6.ffs'
2022-12-19 10:14:09|   0.7|  0.0|STATS |Restoring 39 feature(s) from FME feature store file `C:\Users\micha\AppData\Local\Temp\wb-cache-fme-zFOAoX\Main_SpatialFilter -1 42 fo 0 PASSED  0  3c9f7232cea461c958dc01b7cad5de37a074fbd0.ffs'
2022-12-19 10:14:09|   0.7|  0.0|STATS |Restoring 71 feature(s) from FME feature store file `C:\Users\micha\AppData\Local\Temp\wb-cache-fme-zFOAoX\Main_SpatialFilter_2 -1 47 fo 0 PASSED  0  6f9fc3eee219c581074d41125b440ea7707ba7bc.ffs'
2022-12-19 10:14:10|   0.7|  0.0|INFORM|Creating writer for format: GeoJSON (Geographic JavaScript Object Notation)
2022-12-19 10:14:10|   0.8|  0.1|INFORM|Trying to find a DYNAMIC plugin for writer named `GEOJSON'
2022-12-19 10:14:10|   0.8|  0.0|INFORM|Loaded module 'GEOJSON' from file 'C:\Program Files\FME\plugins/JSON.dll'
2022-12-19 10:14:10|   0.8|  0.0|INFORM|FME API version of module 'JSON' matches current internal version (4.0 20220615)
2022-12-19 10:14:10|   0.8|  0.0|INFORM|FME Configuration: No destination coordinate system set
2022-12-19 10:14:10|   0.8|  0.0|INFORM|Writer `GEOJSON_1' of type `GEOJSON' using group definition keyword `GEOJSON_1_DEF'
2022-12-19 10:14:10|   0.8|  0.0|INFORM|GeoJSON Writer: All features not in WGS84 will be reprojected to WGS84
2022-12-19 10:14:10|   0.8|  0.0|INFORM|Opening the GEOJSON writer with destination dataset 'C:\bazy_danych_2\cwiczenie8.json'
2022-12-19 10:14:10|   0.8|  0.0|INFORM|FME Configuration: Destination coordinate system set to input coordinate system `DHDN.Berlin/Cassini'
2022-12-19 10:14:10|   1.1|  0.3|INFORM|FME Configuration: Using FME Reprojection Engine
2022-12-19 10:14:10|   1.1|  0.0|INFORM|CS-MAP Reprojector: Transformation will be automatically selected for 'DHDN.Berlin/Cassini' -> 'LL84', and is not guaranteed to remain the same in future releases of FME
2022-12-19 10:14:10|   1.2|  0.1|INFORM|Reprojector: Using transformation `DHDN_to_ETRS89/01_8_ntv2_BeTA2007_FME,Forward(Grid File Interpolation,EPSG:15948)' when reprojecting from DHDN.Berlin/Cassini to LL84
2022-12-19 10:14:10|   1.2|  0.0|INFORM|Reprojector:`DHDN_to_ETRS89/01_8_ntv2_BeTA2007_FME,Forward(Grid File Interpolation,EPSG:15948)' will use the following grid shift files:
2022-12-19 10:14:10|   1.2|  0.0|INFORM|Reprojector:     C:\Program Files\FME\Reproject\EsriPEGridData\ntv2\germany\BeTA2007.gsb
2022-12-19 10:14:10|   1.2|  0.0|INFORM|Reprojector: If a point is outside the usable range of 'DHDN_to_ETRS89/01_8_ntv2_BeTA2007_FME' the following fallback transformation will be used: 'DHDN_to_WGS84,Forward(Seven Parameter,EPSG:1673)'
2022-12-19 10:14:10|   1.2|  0.0|INFORM|Reprojector: Using transformation `ETRS89/01_to_WGS84,Forward(Geocentric)' when reprojecting from DHDN.Berlin/Cassini to LL84
2022-12-19 10:14:11|   1.6|  0.4|STATS |Destination Feature Type Routing Correlator (RoutingFactory): Tested 574 input feature(s), wrote 574 output feature(s): 0 matched merge filters, 574 were routed to output, 0 could not be routed.
2022-12-19 10:14:11|   1.6|  0.0|STATS |Final Output Nuker (TeeFactory): Cloned 0 input feature(s) into 0 output feature(s)
2022-12-19 10:14:11|   1.6|  0.0|STATS |VisualizerProcessor (CreationFactory): Created 1 features
2022-12-19 10:14:11|   1.6|  0.0|STATS |VisualizerCleaner (TeeFactory): Cloned 1 input feature(s) into 0 output feature(s)
2022-12-19 10:14:11|   1.6|  0.0|INFORM|Closing the GEOJSON writer
2022-12-19 10:14:11|   1.6|  0.0|INFORM|=-=-=-=-=-=-=-=-=-=-=-=-=-=-=-=-=-=-=-=-=-=-=-=-=-=-=-=-=-=-=-=-=-=-=-=-=-=-=-
2022-12-19 10:14:11|   1.6|  0.0|INFORM|Feature output statistics for `GEOJSON' writer using keyword `GEOJSON_1':
2022-12-19 10:14:11|   1.6|  0.0|STATS |=-=-=-=-=-=-=-=-=-=-=-=-=-=-=-=-=-=-=-=-=-=-=-=-=-=-=-=-=-=-=-=-=-=-=-=-=-=-=-
2022-12-19 10:14:11|   1.6|  0.0|STATS |                               Features Written
2022-12-19 10:14:11|   1.6|  0.0|STATS |=-=-=-=-=-=-=-=-=-=-=-=-=-=-=-=-=-=-=-=-=-=-=-=-=-=-=-=-=-=-=-=-=-=-=-=-=-=-=-
2022-12-19 10:14:11|   1.6|  0.0|STATS |punkty_przy_drodze                                                         110
2022-12-19 10:14:11|   1.6|  0.0|STATS |==============================================================================
2022-12-19 10:14:11|   1.6|  0.0|STATS |Total Features Written                                                     110
2022-12-19 10:14:11|   1.6|  0.0|STATS |=-=-=-=-=-=-=-=-=-=-=-=-=-=-=-=-=-=-=-=-=-=-=-=-=-=-=-=-=-=-=-=-=-=-=-=-=-=-=-
2022-12-19 10:14:11|   1.6|  0.0|INFORM|MULTI_WRITER: multi_writer_id `1': Started outputting features
2022-12-19 10:14:11|   1.6|  0.0|INFORM|Creating writer for format: Esri Geodatabase (File Geodb)
2022-12-19 10:14:11|   1.8|  0.2|INFORM|Trying to find a DYNAMIC plugin for writer named `GEODATABASE_FILE'
2022-12-19 10:14:11|   1.8|  0.0|INFORM|Loaded module 'GEODATABASE_FILE' from file 'C:\Program Files\FME\plugins/..\geodatabase9.dll'
2022-12-19 10:14:11|   1.8|  0.0|INFORM|FME API version of module '..\geodatabase9' matches current internal version (4.0 20220615)
2022-12-19 10:14:11|   1.8|  0.0|INFORM|FME Configuration: No destination coordinate system set
2022-12-19 10:14:11|   1.8|  0.0|INFORM|Writer `GEODATABASE_FILE_1' of type `GEODATABASE_FILE' using group definition keyword `GEODATABASE_FILE_1_DEF'
2022-12-19 10:14:15|   3.3|  1.5|INFORM|The ArcObjects license 'Advanced' is being selected from the ESRILicenseInfo ArcObjects call
2022-12-19 10:14:16|   4.1|  0.8|INFORM|FME has checked out an Esri license. The product checked out is 'Advanced'
2022-12-19 10:14:16|   4.1|  0.0|INFORM|Installed ArcGIS version is '2.8.0'
2022-12-19 10:14:17|   4.6|  0.5|INFORM|Connected to the File Geodatabase at 'C:\bazy_danych_2\zkosztami.gdb'
2022-12-19 10:14:17|   4.6|  0.0|INFORM|File Geodatabase release: '10.0'
2022-12-19 10:14:17|   4.6|  0.0|INFORM|Fast deletes enabled
2022-12-19 10:14:17|   4.6|  0.0|INFORM|The 'HAS_Z_VALUES' keyword is set to 'AUTO_DETECT'. With the exception of MultiPatch feature classes, the dimensionality of new feature classes will be based on the first feature written to the feature class. (Features with no geometry are considered 2D)
2022-12-19 10:14:17|   4.6|  0.0|INFORM|A default z-value of '0' will be used for all 3D features where z-values are not provided
2022-12-19 10:14:17|   4.6|  0.0|INFORM|Esri Geodatabase Writer: Not simplifying geometries being written
2022-12-19 10:14:17|   4.6|  0.0|INFORM|Transactions are being used by the Esri Geodatabase Writer
2022-12-19 10:14:17|   4.8|  0.2|INFORM|Esri Geodatabase Writer: The field 'OBJECTID' in feature type 'zkosztami' will not be updated since it is not editable
2022-12-19 10:14:17|   4.9|  0.1|STATS |GeodatabaseRelationshipFeaturesPipeline::GeodatabaseRelationshipFeatures (SortFactory): Finished sorting a total of 0 features.
2022-12-19 10:14:17|   5.0|  0.1|INFORM|Transaction #1 (final transaction) was successfully committed
2022-12-19 10:14:17|   5.0|  0.0|INFORM|Closing the Esri Geodatabase writer
2022-12-19 10:14:17|   5.0|  0.0|INFORM|=-=-=-=-=-=-=-=-=-=-=-=-=-=-=-=-=-=-=-=-=-=-=-=-=-=-=-=-=-=-=-=-=-=-=-=-=-=-=-
2022-12-19 10:14:17|   5.0|  0.0|INFORM|Feature output statistics for `GEODATABASE_FILE' writer using keyword `GEODATABASE_FILE_1':
2022-12-19 10:14:17|   5.0|  0.0|STATS |=-=-=-=-=-=-=-=-=-=-=-=-=-=-=-=-=-=-=-=-=-=-=-=-=-=-=-=-=-=-=-=-=-=-=-=-=-=-=-
2022-12-19 10:14:17|   5.0|  0.0|STATS |                               Features Written
2022-12-19 10:14:17|   5.0|  0.0|STATS |=-=-=-=-=-=-=-=-=-=-=-=-=-=-=-=-=-=-=-=-=-=-=-=-=-=-=-=-=-=-=-=-=-=-=-=-=-=-=-
2022-12-19 10:14:17|   5.0|  0.0|STATS |zkosztami                                                                  225
2022-12-19 10:14:17|   5.0|  0.0|STATS |==============================================================================
2022-12-19 10:14:17|   5.0|  0.0|STATS |Total Features Written                                                     225
2022-12-19 10:14:17|   5.0|  0.0|STATS |=-=-=-=-=-=-=-=-=-=-=-=-=-=-=-=-=-=-=-=-=-=-=-=-=-=-=-=-=-=-=-=-=-=-=-=-=-=-=-
2022-12-19 10:14:17|   5.0|  0.0|INFORM|MULTI_WRITER: multi_writer_id `1': done writing 225 feature(s) 
2022-12-19 10:14:17|   5.0|  0.0|INFORM|^^^^^^^^^^^^^^^^^^^^^^^^^^^^^^^^^^^^^^^^^^^^^^^^^^^^^^^^^^^^^^^^^^^^^^^^^^^^^^
2022-12-19 10:14:17|   5.0|  0.0|INFORM|MULTI_WRITER: multi_writer_id `2': Started outputting features
2022-12-19 10:14:17|   5.0|  0.0|INFORM|Creating writer for format: Esri Geodatabase (File Geodb)
2022-12-19 10:14:17|   5.0|  0.0|INFORM|Trying to find a DYNAMIC plugin for writer named `GEODATABASE_FILE'
2022-12-19 10:14:17|   5.1|  0.1|INFORM|FME Configuration: No destination coordinate system set
2022-12-19 10:14:17|   5.1|  0.0|INFORM|Writer `GEODATABASE_FILE_2' of type `GEODATABASE_FILE' using group definition keyword `GEODATABASE_FILE_2_DEF'
2022-12-19 10:14:17|   5.1|  0.0|INFORM|An ArcGIS license is already checked out. The product checked out is 'Advanced'
2022-12-19 10:14:17|   5.1|  0.0|INFORM|Installed ArcGIS version is '2.8.0'
2022-12-19 10:14:17|   5.1|  0.0|INFORM|Connected to the File Geodatabase at 'C:\bazy_danych_2\bezkosztów.gdb'
2022-12-19 10:14:17|   5.1|  0.0|INFORM|File Geodatabase release: '10.0'
2022-12-19 10:14:17|   5.1|  0.0|INFORM|Fast deletes enabled
2022-12-19 10:14:17|   5.1|  0.0|INFORM|The 'HAS_Z_VALUES' keyword is set to 'AUTO_DETECT'. With the exception of MultiPatch feature classes, the dimensionality of new feature classes will be based on the first feature written to the feature class. (Features with no geometry are considered 2D)
2022-12-19 10:14:17|   5.1|  0.0|INFORM|A default z-value of '0' will be used for all 3D features where z-values are not provided
2022-12-19 10:14:17|   5.1|  0.0|INFORM|Esri Geodatabase Writer: Not simplifying geometries being written
2022-12-19 10:14:17|   5.1|  0.0|INFORM|Transactions are being used by the Esri Geodatabase Writer
2022-12-19 10:14:17|   5.2|  0.1|INFORM|Esri Geodatabase Writer: The field 'OBJECTID' in feature type 'bezkosztow' will not be updated since it is not editable
2022-12-19 10:14:18|   5.3|  0.1|STATS |GeodatabaseRelationshipFeaturesPipeline::GeodatabaseRelationshipFeatures (SortFactory): Finished sorting a total of 0 features.
2022-12-19 10:14:18|   5.3|  0.0|INFORM|Transaction #1 (final transaction) was successfully committed
2022-12-19 10:14:18|   5.3|  0.0|INFORM|Closing the Esri Geodatabase writer
2022-12-19 10:14:18|   5.3|  0.0|INFORM|=-=-=-=-=-=-=-=-=-=-=-=-=-=-=-=-=-=-=-=-=-=-=-=-=-=-=-=-=-=-=-=-=-=-=-=-=-=-=-
2022-12-19 10:14:18|   5.3|  0.0|INFORM|Feature output statistics for `GEODATABASE_FILE' writer using keyword `GEODATABASE_FILE_2':
2022-12-19 10:14:18|   5.3|  0.0|STATS |=-=-=-=-=-=-=-=-=-=-=-=-=-=-=-=-=-=-=-=-=-=-=-=-=-=-=-=-=-=-=-=-=-=-=-=-=-=-=-
2022-12-19 10:14:18|   5.3|  0.0|STATS |                               Features Written
2022-12-19 10:14:18|   5.3|  0.0|STATS |=-=-=-=-=-=-=-=-=-=-=-=-=-=-=-=-=-=-=-=-=-=-=-=-=-=-=-=-=-=-=-=-=-=-=-=-=-=-=-
2022-12-19 10:14:18|   5.3|  0.0|STATS |bezkosztow                                                                 239
2022-12-19 10:14:18|   5.3|  0.0|STATS |==============================================================================
2022-12-19 10:14:18|   5.3|  0.0|STATS |Total Features Written                                                     239
2022-12-19 10:14:18|   5.4|  0.1|STATS |=-=-=-=-=-=-=-=-=-=-=-=-=-=-=-=-=-=-=-=-=-=-=-=-=-=-=-=-=-=-=-=-=-=-=-=-=-=-=-
2022-12-19 10:14:18|   5.4|  0.0|INFORM|MULTI_WRITER: multi_writer_id `2': done writing 239 feature(s) 
2022-12-19 10:14:18|   5.4|  0.0|INFORM|^^^^^^^^^^^^^^^^^^^^^^^^^^^^^^^^^^^^^^^^^^^^^^^^^^^^^^^^^^^^^^^^^^^^^^^^^^^^^^
2022-12-19 10:14:18|   5.4|  0.0|STATS |=-=-=-=-=-=-=-=-=-=-=-=-=-=-=-=-=-=-=-=-=-=-=-=-=-=-=-=-=-=-=-=-=-=-=-=-=-=-=-
2022-12-19 10:14:18|   5.4|  0.0|STATS |                            Features Read Summary
2022-12-19 10:14:18|   5.4|  0.0|STATS |=-=-=-=-=-=-=-=-=-=-=-=-=-=-=-=-=-=-=-=-=-=-=-=-=-=-=-=-=-=-=-=-=-=-=-=-=-=-=-
2022-12-19 10:14:18|   5.4|  0.0|STATS |==============================================================================
2022-12-19 10:14:18|   5.4|  0.0|STATS |Total Features Read                                                          0
2022-12-19 10:14:18|   5.4|  0.0|STATS |=-=-=-=-=-=-=-=-=-=-=-=-=-=-=-=-=-=-=-=-=-=-=-=-=-=-=-=-=-=-=-=-=-=-=-=-=-=-=-
2022-12-19 10:14:18|   5.4|  0.0|STATS |=-=-=-=-=-=-=-=-=-=-=-=-=-=-=-=-=-=-=-=-=-=-=-=-=-=-=-=-=-=-=-=-=-=-=-=-=-=-=-
2022-12-19 10:14:18|   5.4|  0.0|STATS |                           Features Written Summary
2022-12-19 10:14:18|   5.4|  0.0|STATS |=-=-=-=-=-=-=-=-=-=-=-=-=-=-=-=-=-=-=-=-=-=-=-=-=-=-=-=-=-=-=-=-=-=-=-=-=-=-=-
2022-12-19 10:14:18|   5.4|  0.0|STATS |bezkosztow                                                                 239
2022-12-19 10:14:18|   5.4|  0.0|STATS |punkty_przy_drodze                                                         110
2022-12-19 10:14:18|   5.4|  0.0|STATS |zkosztami                                                                  225
2022-12-19 10:14:18|   5.4|  0.0|STATS |==============================================================================
2022-12-19 10:14:18|   5.4|  0.0|STATS |Total Features Written                                                     574
2022-12-19 10:14:18|   5.5|  0.1|STATS |=-=-=-=-=-=-=-=-=-=-=-=-=-=-=-=-=-=-=-=-=-=-=-=-=-=-=-=-=-=-=-=-=-=-=-=-=-=-=-
2022-12-19 10:14:18|   5.5|  0.0|WARN  |-~-~-~-~-~-~-~-~-~-~-~-~-~-~-~-~-~-~-~-~-~-~-~-~-~-~-~-~-~-~-~-~-~-~-~-~-~-~-~-~-
2022-12-19 10:14:18|   5.5|  0.0|WARN  |-~                                                                             ~-
2022-12-19 10:14:18|   5.5|  0.0|WARN  |-~    Feature caches have been recorded at every stage of the translation.     ~-
2022-12-19 10:14:18|   5.5|  0.0|WARN  |-~                      To inspect the recorded features,                      ~-
2022-12-19 10:14:18|   5.5|  0.0|WARN  |-~              click the feature cache icons next to the ports.               ~-
2022-12-19 10:14:18|   5.5|  0.0|WARN  |-~                                                                             ~-
2022-12-19 10:14:18|   5.5|  0.0|WARN  |-~-~-~-~-~-~-~-~-~-~-~-~-~-~-~-~-~-~-~-~-~-~-~-~-~-~-~-~-~-~-~-~-~-~-~-~-~-~-~-~-
2022-12-19 10:14:18|   5.5|  0.0|INFORM|Translation was SUCCESSFUL with 7 warning(s) (574 feature(s) output)
2022-12-19 10:14:18|   5.5|  0.0|INFORM|FME Session Duration: 9.1 seconds. (CPU: 2.8s user, 2.7s system)
2022-12-19 10:14:18|   5.5|  0.0|INFORM|END - ProcessID: 3208, peak process memory usage: 188452 kB, current process memory usage: 178600 kB
